Start testing: Jul 06 21:01 PDT
----------------------------------------------------------
1/5 Testing: zero
1/5 Test: zero
Command: "/Users/emmanuel.decaiman/Documents/sfu/2025-summer/cmpt-476-se/gcov-example/build/tests/zero"
Directory: /Users/emmanuel.decaiman/Documents/sfu/2025-summer/cmpt-476-se/gcov-example/build/tests
"zero" start time: Jul 06 21:01 PDT
Output:
----------------------------------------------------------
test_zero: PASSED
<end of output>
Test time =   0.00 sec
----------------------------------------------------------
Test Passed.
"zero" end time: Jul 06 21:01 PDT
"zero" time elapsed: 00:00:00
----------------------------------------------------------

2/5 Testing: positive
2/5 Test: positive
Command: "/Users/emmanuel.decaiman/Documents/sfu/2025-summer/cmpt-476-se/gcov-example/build/tests/positive"
Directory: /Users/emmanuel.decaiman/Documents/sfu/2025-summer/cmpt-476-se/gcov-example/build/tests
"positive" start time: Jul 06 21:01 PDT
Output:
----------------------------------------------------------
test_positive_numbers: FAILED (expected 8, got 2)
<end of output>
Test time =   0.00 sec
----------------------------------------------------------
Test Failed.
"positive" end time: Jul 06 21:01 PDT
"positive" time elapsed: 00:00:00
----------------------------------------------------------

3/5 Testing: negative
3/5 Test: negative
Command: "/Users/emmanuel.decaiman/Documents/sfu/2025-summer/cmpt-476-se/gcov-example/build/tests/negative"
Directory: /Users/emmanuel.decaiman/Documents/sfu/2025-summer/cmpt-476-se/gcov-example/build/tests
"negative" start time: Jul 06 21:01 PDT
Output:
----------------------------------------------------------
test_negative_numbers: FAILED (expected -8, got -2)
<end of output>
Test time =   0.00 sec
----------------------------------------------------------
Test Failed.
"negative" end time: Jul 06 21:01 PDT
"negative" time elapsed: 00:00:00
----------------------------------------------------------

4/5 Testing: mixed
4/5 Test: mixed
Command: "/Users/emmanuel.decaiman/Documents/sfu/2025-summer/cmpt-476-se/gcov-example/build/tests/mixed"
Directory: /Users/emmanuel.decaiman/Documents/sfu/2025-summer/cmpt-476-se/gcov-example/build/tests
"mixed" start time: Jul 06 21:01 PDT
Output:
----------------------------------------------------------
test_mixed_numbers: FAILED (expected 7, got 13)
<end of output>
Test time =   0.00 sec
----------------------------------------------------------
Test Failed.
"mixed" end time: Jul 06 21:01 PDT
"mixed" time elapsed: 00:00:00
----------------------------------------------------------

5/5 Testing: with_zero
5/5 Test: with_zero
Command: "/Users/emmanuel.decaiman/Documents/sfu/2025-summer/cmpt-476-se/gcov-example/build/tests/with_zero"
Directory: /Users/emmanuel.decaiman/Documents/sfu/2025-summer/cmpt-476-se/gcov-example/build/tests
"with_zero" start time: Jul 06 21:01 PDT
Output:
----------------------------------------------------------
test_with_zero: PASSED
<end of output>
Test time =   0.00 sec
----------------------------------------------------------
Test Passed.
"with_zero" end time: Jul 06 21:01 PDT
"with_zero" time elapsed: 00:00:00
----------------------------------------------------------

End testing: Jul 06 21:01 PDT

mixed =   0.00 sec*proc

negative =   0.00 sec*proc

positive =   0.00 sec*proc

with_zero =   0.00 sec*proc

zero =   0.00 sec*proc

