<?xml version="1.0" ?>
<coverage line-rate="0.9" branch-rate="0.8" version="1.9" timestamp="1620000000">
  <packages>
    <package name="project" line-rate="0.9" branch-rate="0.8">
      <classes>
        <class name="main" filename="src/main.cpp" line-rate="1.0" branch-rate="1.0">
          <lines>
            <line number="10" hits="8"/>
          </lines>
        </class>
        <class name="hello_world" filename="src/hello_world.cpp" line-rate="1.0" branch-rate="1.0">
          <lines>
            <line number="4" hits="3"/>
          </lines>
        </class>
        <class name="calculator" filename="src/calculator.cpp" line-rate="1.0" branch-rate="1.0">
          <lines>
            <line number="5" hits="3"/>
          </lines>
        </class>
      </classes>
    </package>
  </packages>
</coverage>
